PRT1
22
48
4 0 10 (-256 208 304 ) (-256 256 304 ) (-256 256 176 ) (-256 208 176 ) 
4 0 3 (-32 208 176 ) (16 208 176 ) (16 208 304 ) (-32 208 304 ) 
4 0 2 (16 208 176 ) (64 208 176 ) (64 208 304 ) (16 208 304 ) 
4 0 5 (-256 208 304 ) (-256 208 176 ) (-32 208 176 ) (-32 208 304 ) 
4 1 11 (-256 256 160 ) (-256 256 16 ) (-256 208 16 ) (-256 208 160 ) 
4 1 5 (-256 208 160 ) (-256 208 16 ) (-32 208 16 ) (-32 208 160 ) 
4 2 6 (64 -16 16.842105 ) (64 -16 304 ) (16 -16 304 ) (16 -16 16.842105 ) 
4 2 4 (16 -16 16.842105 ) (16 -16 304 ) (16 160 304 ) (16 160 141.894737 ) 
4 2 3 (16 160 304 ) (16 208 304 ) (16 208 176 ) (16 160 141.894737 ) 
4 3 5 (-32 208 304 ) (-32 208 16 ) (-32 160 16 ) (-32 160 304 ) 
4 3 4 (-32 160 304 ) (-32 160 16 ) (16 160 16 ) (16 160 304 ) 
4 4 6 (-32 -16 16 ) (16 -16 16 ) (16 -16 304 ) (-32 -16 304 ) 
4 4 5 (-32 160 16 ) (-32 -16 16 ) (-32 -16 304 ) (-32 160 304 ) 
4 5 10 (-256 -16 304 ) (-256 208 304 ) (-256 208 176 ) (-256 -16 176 ) 
4 5 11 (-256 208 160 ) (-256 208 16 ) (-256 -16 16 ) (-256 -16 160 ) 
4 5 6 (-256 -16 16 ) (-32 -16 16 ) (-32 -16 304 ) (-256 -16 304 ) 
4 6 10 (-256 -320 304 ) (-256 -16 304 ) (-256 -16 176 ) (-256 -320 176 ) 
4 6 11 (-256 -16 160 ) (-256 -16 16 ) (-256 -320 16 ) (-256 -320 160 ) 
4 6 7 (0 -320 16 ) (64 -320 16 ) (64 -320 304 ) (0 -320 304 ) 
4 6 9 (-256 -320 304 ) (-256 -320 16 ) (-64 -320 16 ) (-64 -320 304 ) 
4 7 8 (0 -384 16 ) (0 -432 16 ) (0 -432 304 ) (0 -384 304 ) 
4 8 9 (-64 -384 16 ) (-64 -432 16 ) (-64 -432 304 ) (-64 -384 304 ) 
4 9 10 (-256 -432 176 ) (-256 -432 304 ) (-256 -320 304 ) (-256 -320 176 ) 
4 9 11 (-256 -432 16 ) (-256 -432 160 ) (-256 -320 160 ) (-256 -320 16 ) 
4 10 20 (-320 -384 176 ) (-320 -432 176 ) (-320 -432 304 ) (-320 -384 304 ) 
4 10 16 (-320 -160 176 ) (-320 -384 176 ) (-320 -384 304 ) (-320 -160 304 ) 
4 10 12 (-320 256 304 ) (-320 256 176 ) (-320 128 176 ) (-320 128 304 ) 
4 10 15 (-320 128 176 ) (-320 -160 176 ) (-320 -160 304 ) (-320 128 304 ) 
4 11 21 (-320 -384 16 ) (-320 -432 16 ) (-320 -432 160 ) (-320 -384 160 ) 
4 11 16 (-320 -160 16 ) (-320 -384 16 ) (-320 -384 160 ) (-320 -160 160 ) 
4 11 12 (-320 256 160 ) (-320 256 16 ) (-320 128 16 ) (-320 128 160 ) 
4 11 15 (-320 128 16 ) (-320 -160 16 ) (-320 -160 160 ) (-320 128 160 ) 
4 12 13 (-512 192 304 ) (-512 256 304 ) (-512 256 16 ) (-512 192 16 ) 
4 12 15 (-512 128 16 ) (-320 128 16 ) (-320 128 304 ) (-512 128 304 ) 
4 13 14 (-576 256 304 ) (-576 256 16 ) (-576 192 16 ) (-576 192 304 ) 
4 14 15 (-640 128 304 ) (-640 128 16 ) (-576 128 16 ) (-576 128 304 ) 
4 15 19 (-592 -160 304 ) (-640 -160 304 ) (-640 -160 16.842105 ) (-592 -160 16.842105 ) 
4 15 17 (-544 -160 304 ) (-592 -160 304 ) (-592 -160 16 ) (-544 -160 16 ) 
4 15 16 (-320 -160 16 ) (-320 -160 304 ) (-544 -160 304 ) (-544 -160 16 ) 
4 16 21 (-544 -384 16 ) (-320 -384 16 ) (-320 -384 160 ) (-544 -384 160 ) 
4 16 20 (-320 -384 176 ) (-320 -384 304 ) (-544 -384 304 ) (-544 -384 176 ) 
4 16 18 (-544 -336 16 ) (-544 -384 16 ) (-544 -384 304 ) (-544 -336 304 ) 
4 16 17 (-544 -160 16 ) (-544 -336 16 ) (-544 -336 304 ) (-544 -160 304 ) 
4 17 19 (-592 -160 304 ) (-592 -160 16.842105 ) (-592 -336 141.894737 ) (-592 -336 304 ) 
4 17 18 (-592 -336 16 ) (-544 -336 16 ) (-544 -336 304 ) (-592 -336 304 ) 
4 18 20 (-544 -384 176 ) (-544 -384 304 ) (-592 -384 304 ) (-592 -384 176 ) 
4 18 19 (-592 -384 176 ) (-592 -384 304 ) (-592 -336 304 ) (-592 -336 141.894737 ) 
4 19 20 (-640 -384 304 ) (-640 -384 176 ) (-592 -384 176 ) (-592 -384 304 ) 
